<?xml version="1.0" encoding="UTF-8"?>
<!-- Generated by org.testng.reporters.JUnitReportReporter -->
<testsuite skipped="0" hostname="Prateek" name="com.qa.testcases.LoginPageTest" tests="1" failures="0" timestamp="11 Feb 2019 16:13:20 GMT" time="79.712" errors="0">
  <testcase name="loginPageTest" time="79.712" classname="com.qa.testcases.LoginPageTest"/>
</testsuite> <!-- com.qa.testcases.LoginPageTest -->
