<?xml version="1.0" encoding="UTF-8"?>
<!-- Generated by org.testng.reporters.JUnitReportReporter -->
<testsuite skipped="0" hostname="Prateek" name="com.qa.testcases.HomePageTest" tests="1" failures="0" timestamp="11 Feb 2019 16:13:20 GMT" time="25.296" errors="0">
  <testcase name="homePageTest" time="25.296" classname="com.qa.testcases.HomePageTest"/>
</testsuite> <!-- com.qa.testcases.HomePageTest -->
